[    0.000000] Linux version 4.15.0-74-generic (buildd@lcy01-amd64-022) (gcc version 7.4.0 (Ubuntu 7.4.0-1ubuntu1~18.04.1)) #84-Ubuntu SMP Thu Dec 19 08:06:28 UTC 2019 (Ubuntu 4.15.0-74.84-generic 4.15.18)
[    0.000000] Command line: BOOT_IMAGE=/boot/vmlinuz-4.15.0-74-generic root=LABEL=cloudimg-rootfs ro console=tty1 console=ttyS0
[    0.000000] KERNEL supported cpus:
[    0.000000]   Intel GenuineIntel
[    0.000000]   AMD AuthenticAMD
[    0.000000]   Centaur CentaurHauls
[    0.000000] x86/fpu: Supporting XSAVE feature 0x001: 'x87 floating point registers'
[    0.000000] x86/fpu: Supporting XSAVE feature 0x002: 'SSE registers'
[    0.000000] x86/fpu: Supporting XSAVE feature 0x004: 'AVX registers'
[    0.000000] x86/fpu: xstate_offset[2]:  576, xstate_sizes[2]:  256
[    0.000000] x86/fpu: Enabled xstate features 0x7, context size is 832 bytes, using 'standard' format.
[    0.000000] e820: BIOS-provided physical RAM map:
[    0.000000] BIOS-e820: [mem 0x0000000000000000-0x000000000009fbff] usable
[    0.000000] BIOS-e820: [mem 0x000000000009fc00-0x000000000009ffff] reserved
[    0.000000] BIOS-e820: [mem 0x00000000000f0000-0x00000000000fffff] reserved
[    0.000000] BIOS-e820: [mem 0x0000000000100000-0x000000007ffeffff] usable
[    0.000000] BIOS-e820: [mem 0x000000007fff0000-0x000000007fffffff] ACPI data
[    0.000000] BIOS-e820: [mem 0x00000000fec00000-0x00000000fec00fff] reserved
[    0.000000] BIOS-e820: [mem 0x00000000fee00000-0x00000000fee00fff] reserved
[    0.000000] BIOS-e820: [mem 0x00000000fffc0000-0x00000000ffffffff] reserved
[    0.000000] NX (Execute Disable) protection: active
[    0.000000] SMBIOS 2.5 present.
[    0.000000] DMI: innotek GmbH VirtualBox/VirtualBox, BIOS VirtualBox 12/01/2006
[    0.000000] Hypervisor detected: KVM
[    0.000000] e820: last_pfn = 0x7fff0 max_arch_pfn = 0x400000000
[    0.000000] MTRR: Disabled
[    0.000000] x86/PAT: MTRRs disabled, skipping PAT initialization too.
[    0.000000] CPU MTRRs all blank - virtualized system.
[    0.000000] x86/PAT: Configuration [0-7]: WB  WT  UC- UC  WB  WT  UC- UC  
[    0.000000] found SMP MP-table at [mem 0x0009fff0-0x0009ffff]
[    0.000000] Scanning 1 areas for low memory corruption
[    0.000000] RAMDISK: [mem 0x35a6f000-0x36d2efff]
[    0.000000] ACPI: Early table checksum verification disabled
[    0.000000] ACPI: RSDP 0x00000000000E0000 000024 (v02 VBOX  )
[    0.000000] ACPI: XSDT 0x000000007FFF0030 00003C (v01 VBOX   VBOXXSDT 00000001 ASL  00000061)
[    0.000000] ACPI: FACP 0x000000007FFF00F0 0000F4 (v04 VBOX   VBOXFACP 00000001 ASL  00000061)
[    0.000000] ACPI: DSDT 0x000000007FFF0470 0022EA (v02 VBOX   VBOXBIOS 00000002 INTL 20100528)
[    0.000000] ACPI: FACS 0x000000007FFF0200 000040
[    0.000000] ACPI: FACS 0x000000007FFF0200 000040
[    0.000000] ACPI: APIC 0x000000007FFF0240 00005C (v02 VBOX   VBOXAPIC 00000001 ASL  00000061)
[    0.000000] ACPI: SSDT 0x000000007FFF02A0 0001CC (v01 VBOX   VBOXCPUT 00000002 INTL 20100528)
[    0.000000] No NUMA configuration found
[    0.000000] Faking a node at [mem 0x0000000000000000-0x000000007ffeffff]
[    0.000000] NODE_DATA(0) allocated [mem 0x7ffc5000-0x7ffeffff]
[    0.000000] kvm-clock: cpu 0, msr 0:7ff44001, primary cpu clock
[    0.000000] kvm-clock: Using msrs 4b564d01 and 4b564d00
[    0.000000] kvm-clock: using sched offset of 3230904516 cycles
[    0.000000] clocksource: kvm-clock: mask: 0xffffffffffffffff max_cycles: 0x1cd42e4dffb, max_idle_ns: 881590591483 ns
[    0.000000] Zone ranges:
[    0.000000]   DMA      [mem 0x0000000000001000-0x0000000000ffffff]
[    0.000000]   DMA32    [mem 0x0000000001000000-0x000000007ffeffff]
[    0.000000]   Normal   empty
[    0.000000]   Device   empty
[    0.000000] Movable zone start for each node
[    0.000000] Early memory node ranges
[    0.000000]   node   0: [mem 0x0000000000001000-0x000000000009efff]
[    0.000000]   node   0: [mem 0x0000000000100000-0x000000007ffeffff]
[    0.000000] Reserved but unavailable: 98 pages
[    0.000000] Initmem setup node 0 [mem 0x0000000000001000-0x000000007ffeffff]
[    0.000000] ACPI: PM-Timer IO Port: 0x4008
[    0.000000] IOAPIC[0]: apic_id 2, version 32, address 0xfec00000, GSI 0-23
[    0.000000] ACPI: INT_SRC_OVR (bus 0 bus_irq 0 global_irq 2 dfl dfl)
[    0.000000] ACPI: INT_SRC_OVR (bus 0 bus_irq 9 global_irq 9 low level)
[    0.000000] Using ACPI (MADT) for SMP configuration information
[    0.000000] smpboot: Allowing 2 CPUs, 0 hotplug CPUs
[    0.000000] PM: Registered nosave memory: [mem 0x00000000-0x00000fff]
[    0.000000] PM: Registered nosave memory: [mem 0x0009f000-0x0009ffff]
[    0.000000] PM: Registered nosave memory: [mem 0x000a0000-0x000effff]
[    0.000000] PM: Registered nosave memory: [mem 0x000f0000-0x000fffff]
[    0.000000] e820: [mem 0x80000000-0xfebfffff] available for PCI devices
[    0.000000] Booting paravirtualized kernel on KVM
[    0.000000] clocksource: refined-jiffies: mask: 0xffffffff max_cycles: 0xffffffff, max_idle_ns: 7645519600211568 ns
[    0.000000] random: get_random_bytes called from start_kernel+0x99/0x4fd with crng_init=0
[    0.000000] setup_percpu: NR_CPUS:8192 nr_cpumask_bits:2 nr_cpu_ids:2 nr_node_ids:1
[    0.000000] percpu: Embedded 45 pages/cpu s147456 r8192 d28672 u1048576
[    0.000000] PV qspinlock hash table entries: 256 (order: 0, 4096 bytes)
[    0.000000] Built 1 zonelists, mobility grouping on.  Total pages: 515961
[    0.000000] Policy zone: DMA32
[    0.000000] Kernel command line: BOOT_IMAGE=/boot/vmlinuz-4.15.0-74-generic root=LABEL=cloudimg-rootfs ro console=tty1 console=ttyS0
[    0.000000] Memory: 2015272K/2096696K available (12300K kernel code, 2481K rwdata, 4260K rodata, 2428K init, 2704K bss, 81424K reserved, 0K cma-reserved)
[    0.000000] SLUB: HWalign=64, Order=0-3, MinObjects=0, CPUs=2, Nodes=1
[    0.000000] Kernel/User page tables isolation: enabled
[    0.000000] ftrace: allocating 39322 entries in 154 pages
[    0.004000] Hierarchical RCU implementation.
[    0.004000] 	RCU restricting CPUs from NR_CPUS=8192 to nr_cpu_ids=2.
[    0.004000] 	Tasks RCU enabled.
[    0.004000] RCU: Adjusting geometry for rcu_fanout_leaf=16, nr_cpu_ids=2
[    0.004000] NR_IRQS: 524544, nr_irqs: 440, preallocated irqs: 16
[    0.004000] Console: colour VGA+ 80x25
[    0.004000] console [tty1] enabled
[    0.004000] console [ttyS0] enabled
[    0.004000] ACPI: Core revision 20170831
[    0.004000] ACPI: 2 ACPI AML tables successfully acquired and loaded
[    0.004000] APIC: Switch to symmetric I/O mode setup
[    0.004000] x2apic enabled
[    0.004000] Switched APIC routing to physical x2apic.
[    0.004000] ..TIMER: vector=0x30 apic1=0 pin1=2 apic2=-1 pin2=-1
[    0.004000] tsc: Detected 2207.998 MHz processor
[    0.004005] Calibrating delay loop (skipped) preset value.. 4415.99 BogoMIPS (lpj=8831992)
[    0.005261] pid_max: default: 32768 minimum: 301
[    0.005902] Security Framework initialized
[    0.006470] Yama: becoming mindful.
[    0.006972] AppArmor: AppArmor initialized
[    0.008081] Dentry cache hash table entries: 262144 (order: 9, 2097152 bytes)
[    0.009700] Inode-cache hash table entries: 131072 (order: 8, 1048576 bytes)
[    0.010616] Mount-cache hash table entries: 4096 (order: 3, 32768 bytes)
[    0.011549] Mountpoint-cache hash table entries: 4096 (order: 3, 32768 bytes)
[    0.012190] Last level iTLB entries: 4KB 64, 2MB 8, 4MB 8
[    0.012995] Last level dTLB entries: 4KB 64, 2MB 0, 4MB 0, 1GB 4
[    0.013779] Spectre V1 : Mitigation: usercopy/swapgs barriers and __user pointer sanitization
[    0.014859] Spectre V2 : Mitigation: Full generic retpoline
[    0.016001] Spectre V2 : Spectre v2 / SpectreRSB mitigation: Filling RSB on context switch
[    0.017127] Speculative Store Bypass: Vulnerable
[    0.017807] MDS: Vulnerable: Clear CPU buffers attempted, no microcode
[    0.018754] Freeing SMP alternatives memory: 36K
[    0.129180] smpboot: CPU0: Intel(R) Core(TM) i7-8750H CPU @ 2.20GHz (family: 0x6, model: 0x9e, stepping: 0xa)
[    0.130470] Performance Events: unsupported p6 CPU model 158 no PMU driver, software events only.
[    0.131686] Hierarchical SRCU implementation.
[    0.132000] NMI watchdog: Perf event create on CPU 0 failed with -2
[    0.132001] NMI watchdog: Perf NMI watchdog permanently disabled
[    0.132816] smp: Bringing up secondary CPUs ...
[    0.133471] x86: Booting SMP configuration:
[    0.134038] .... node  #0, CPUs:      #1
[    0.004000] kvm-clock: cpu 1, msr 0:7ff44041, secondary cpu clock
[    0.136015] smp: Brought up 1 node, 2 CPUs
[    0.136554] smpboot: Max logical packages: 1
[    0.137153] smpboot: Total of 2 processors activated (8831.99 BogoMIPS)
[    0.138062] devtmpfs: initialized
[    0.140035] x86/mm: Memory block size: 128MB
[    0.140776] evm: security.selinux
[    0.141225] evm: security.SMACK64
[    0.141716] evm: security.SMACK64EXEC
[    0.142205] evm: security.SMACK64TRANSMUTE
[    0.142741] evm: security.SMACK64MMAP
[    0.143262] evm: security.apparmor
[    0.143726] evm: security.ima
[    0.144001] evm: security.capability
[    0.144507] clocksource: jiffies: mask: 0xffffffff max_cycles: 0xffffffff, max_idle_ns: 7645041785100000 ns
[    0.145315] futex hash table entries: 512 (order: 3, 32768 bytes)
[    0.146094] pinctrl core: initialized pinctrl subsystem
[    0.146891] RTC time: 17:47:38, date: 01/23/20
[    0.148130] NET: Registered protocol family 16
[    0.148779] audit: initializing netlink subsys (disabled)
[    0.149563] audit: type=2000 audit(1579801663.242:1): state=initialized audit_enabled=0 res=1
[    0.149563] cpuidle: using governor ladder
[    0.149563] cpuidle: using governor menu
[    0.152024] ACPI: bus type PCI registered
[    0.152572] acpiphp: ACPI Hot Plug PCI Controller Driver version: 0.5
[    0.153506] PCI: Using configuration type 1 for base access
[    0.156024] HugeTLB registered 2.00 MiB page size, pre-allocated 0 pages
[    0.156891] ACPI: Added _OSI(Module Device)
[    0.156891] ACPI: Added _OSI(Processor Device)
[    0.157243] ACPI: Added _OSI(3.0 _SCP Extensions)
[    0.160002] ACPI: Added _OSI(Processor Aggregator Device)
[    0.160672] ACPI: Added _OSI(Linux-Dell-Video)
[    0.161376] ACPI: Added _OSI(Linux-Lenovo-NV-HDMI-Audio)
[    0.162076] ACPI: Added _OSI(Linux-HPI-Hybrid-Graphics)
[    0.162936] ACPI: Executed 1 blocks of module-level executable AML code
[    0.166205] ACPI: Interpreter enabled
[    0.166710] ACPI: (supports S0 S5)
[    0.167201] ACPI: Using IOAPIC for interrupt routing
[    0.168000] PCI: Using host bridge windows from ACPI; if necessary, use "pci=nocrs" and report a bug
[    0.168114] ACPI: Enabled 2 GPEs in block 00 to 07
[    0.173820] ACPI: PCI Root Bridge [PCI0] (domain 0000 [bus 00-ff])
[    0.174627] acpi PNP0A03:00: _OSC: OS supports [ASPM ClockPM Segments MSI]
[    0.176323] acpi PNP0A03:00: _OSC: not requesting OS control; OS requires [ExtendedConfig ASPM ClockPM MSI]
[    0.177649] acpi PNP0A03:00: fail to add MMCONFIG information, can't access extended PCI configuration space under this bridge.
[    0.179268] PCI host bridge to bus 0000:00
[    0.180002] pci_bus 0000:00: root bus resource [io  0x0000-0x0cf7 window]
[    0.180824] pci_bus 0000:00: root bus resource [io  0x0d00-0xffff window]
[    0.181765] pci_bus 0000:00: root bus resource [mem 0x000a0000-0x000bffff window]
[    0.182709] pci_bus 0000:00: root bus resource [mem 0x80000000-0xfdffffff window]
[    0.183639] pci_bus 0000:00: root bus resource [bus 00-ff]
[    0.185376] pci 0000:00:01.1: legacy IDE quirk: reg 0x10: [io  0x01f0-0x01f7]
[    0.186270] pci 0000:00:01.1: legacy IDE quirk: reg 0x14: [io  0x03f6]
[    0.187069] pci 0000:00:01.1: legacy IDE quirk: reg 0x18: [io  0x0170-0x0177]
[    0.188001] pci 0000:00:01.1: legacy IDE quirk: reg 0x1c: [io  0x0376]
[    0.202560] pci 0000:00:07.0: quirk: [io  0x4000-0x403f] claimed by PIIX4 ACPI
[    0.203604] pci 0000:00:07.0: quirk: [io  0x4100-0x410f] claimed by PIIX4 SMB
[    0.209130] ACPI: PCI Interrupt Link [LNKA] (IRQs 5 9 10 *11)
[    0.210200] ACPI: PCI Interrupt Link [LNKB] (IRQs 5 9 *10 11)
[    0.211079] ACPI: PCI Interrupt Link [LNKC] (IRQs 5 *9 10 11)
[    0.211926] ACPI: PCI Interrupt Link [LNKD] (IRQs 5 9 10 *11)
[    0.212202] SCSI subsystem initialized
[    0.212731] pci 0000:00:02.0: vgaarb: setting as boot VGA device
[    0.212773] pci 0000:00:02.0: vgaarb: VGA device added: decodes=io+mem,owns=io+mem,locks=none
[    0.213849] pci 0000:00:02.0: vgaarb: bridge control possible
[    0.214597] vgaarb: loaded
[    0.216032] ACPI: bus type USB registered
[    0.216574] usbcore: registered new interface driver usbfs
[    0.217297] usbcore: registered new interface driver hub
[    0.218017] usbcore: registered new device driver usb
[    0.218747] EDAC MC: Ver: 3.0.0
[    0.220149] PCI: Using ACPI for IRQ routing
[    0.220750] NetLabel: Initializing
[    0.221410] NetLabel:  domain hash size = 128
[    0.221978] NetLabel:  protocols = UNLABELED CIPSOv4 CALIPSO
[    0.222731] NetLabel:  unlabeled traffic allowed by default
[    0.224090] clocksource: Switched to clocksource kvm-clock
[    0.232967] VFS: Disk quotas dquot_6.6.0
[    0.233547] VFS: Dquot-cache hash table entries: 512 (order 0, 4096 bytes)
[    0.234520] AppArmor: AppArmor Filesystem Enabled
[    0.235145] pnp: PnP ACPI init
[    0.236395] pnp: PnP ACPI: found 3 devices
[    0.244971] clocksource: acpi_pm: mask: 0xffffff max_cycles: 0xffffff, max_idle_ns: 2085701024 ns
[    0.246114] NET: Registered protocol family 2
[    0.246779] TCP established hash table entries: 16384 (order: 5, 131072 bytes)
[    0.247768] TCP bind hash table entries: 16384 (order: 6, 262144 bytes)
[    0.248755] TCP: Hash tables configured (established 16384 bind 16384)
[    0.250266] UDP hash table entries: 1024 (order: 3, 32768 bytes)
[    0.251029] UDP-Lite hash table entries: 1024 (order: 3, 32768 bytes)
[    0.251857] NET: Registered protocol family 1
[    0.252502] pci 0000:00:00.0: Limiting direct PCI/PCI transfers
[    0.253324] pci 0000:00:01.0: Activating ISA DMA hang workarounds
[    0.254124] pci 0000:00:02.0: Video device with shadowed ROM at [mem 0x000c0000-0x000dffff]
[    0.255241] Unpacking initramfs...
[    0.466452] Freeing initrd memory: 19200K
[    0.467142] clocksource: tsc: mask: 0xffffffffffffffff max_cycles: 0x1fd3b6211b4, max_idle_ns: 440795230313 ns
[    0.468567] platform rtc_cmos: registered platform RTC device (no PNP device found)
[    0.469583] Scanning for low memory corruption every 60 seconds
[    0.471033] Initialise system trusted keyrings
[    0.471637] Key type blacklist registered
[    0.472410] workingset: timestamp_bits=36 max_order=19 bucket_order=0
[    0.473998] zbud: loaded
[    0.474833] squashfs: version 4.0 (2009/01/31) Phillip Lougher
[    0.476202] fuse init (API version 7.26)
[    0.479691] Key type asymmetric registered
[    0.480357] Asymmetric key parser 'x509' registered
[    0.481066] Block layer SCSI generic (bsg) driver version 0.4 loaded (major 246)
[    0.482139] io scheduler noop registered
[    0.482687] io scheduler deadline registered
[    0.483271] io scheduler cfq registered (default)
[    0.484260] ACPI: AC Adapter [AC] (on-line)
[    0.484906] input: Power Button as /devices/LNXSYSTM:00/LNXPWRBN:00/input/input0
[    0.485966] ACPI: Power Button [PWRF]
[    0.486526] input: Sleep Button as /devices/LNXSYSTM:00/LNXSLPBN:00/input/input1
[    0.487594] ACPI: Sleep Button [SLPF]
[    0.488828] ACPI: Battery Slot [BAT0] (battery present)
[    0.489680] Serial: 8250/16550 driver, 32 ports, IRQ sharing enabled
[    0.510966] 00:02: ttyS0 at I/O 0x3f8 (irq = 4, base_baud = 115200) is a 16550A
[    0.515615] Linux agpgart interface v0.103
[    0.518483] loop: module loaded
[    0.519285] scsi host0: ata_piix
[    0.519805] scsi host1: ata_piix
[    0.520391] ata1: PATA max UDMA/33 cmd 0x1f0 ctl 0x3f6 bmdma 0xd000 irq 14
[    0.521247] ata2: PATA max UDMA/33 cmd 0x170 ctl 0x376 bmdma 0xd008 irq 15
[    0.522162] libphy: Fixed MDIO Bus: probed
[    0.522742] tun: Universal TUN/TAP device driver, 1.6
[    0.523551] PPP generic driver version 2.4.2
[    0.524302] ehci_hcd: USB 2.0 'Enhanced' Host Controller (EHCI) Driver
[    0.525155] ehci-pci: EHCI PCI platform driver
[    0.525799] ehci-platform: EHCI generic platform driver
[    0.526564] ohci_hcd: USB 1.1 'Open' Host Controller (OHCI) Driver
[    0.527354] ohci-pci: OHCI PCI platform driver
[    0.527947] ohci-platform: OHCI generic platform driver
[    0.528732] uhci_hcd: USB Universal Host Controller Interface driver
[    0.529618] i8042: PNP: PS/2 Controller [PNP0303:PS2K,PNP0f03:PS2M] at 0x60,0x64 irq 1,12
[    0.531064] serio: i8042 KBD port at 0x60,0x64 irq 1
[    0.531731] serio: i8042 AUX port at 0x60,0x64 irq 12
[    0.532755] mousedev: PS/2 mouse device common for all mice
[    0.534141] rtc_cmos rtc_cmos: rtc core: registered rtc_cmos as rtc0
[    0.535020] input: AT Translated Set 2 keyboard as /devices/platform/i8042/serio0/input/input2
[    0.536143] rtc_cmos rtc_cmos: alarms up to one day, 114 bytes nvram
[    0.537082] i2c /dev entries driver
[    0.537595] device-mapper: uevent: version 1.0.3
[    0.538330] device-mapper: ioctl: 4.37.0-ioctl (2017-09-20) initialised: dm-devel@redhat.com
[    0.539553] ledtrig-cpu: registered to indicate activity on CPUs
[    0.541245] NET: Registered protocol family 10
[    0.545038] Segment Routing with IPv6
[    0.545568] NET: Registered protocol family 17
[    0.546283] Key type dns_resolver registered
[    0.547096] mce: Using 0 MCE banks
[    0.547581] RAS: Correctable Errors collector initialized.
[    0.548426] sched_clock: Marking stable (548414022, 0)->(688118792, -139704770)
[    0.549962] registered taskstats version 1
[    0.550526] Loading compiled-in X.509 certificates
[    0.553450] Loaded X.509 cert 'Build time autogenerated kernel key: 62d24f9c726e026b112735485dad6e6e4b50c923'
[    0.554742] zswap: loaded using pool lzo/zbud
[    0.558450] Key type big_key registered
[    0.559037] Key type trusted registered
[    0.561054] Key type encrypted registered
[    0.561601] AppArmor: AppArmor sha1 policy hashing enabled
[    0.562357] ima: No TPM chip found, activating TPM-bypass! (rc=-19)
[    0.563178] ima: Allocated hash algorithm: sha1
[    0.563791] evm: HMAC attrs: 0x1
[    0.564491]   Magic number: 4:736:795
[    0.565151] rtc_cmos rtc_cmos: setting system clock to 2020-01-23 17:47:38 UTC (1579801658)
[    0.566359] BIOS EDD facility v0.16 2004-Jun-25, 0 devices found
[    0.567130] EDD information not available.
[    0.682371] Freeing unused kernel image memory: 2428K
[    0.703178] Write protecting the kernel read-only data: 20480k
[    0.704494] Freeing unused kernel image memory: 2008K
[    0.705411] Freeing unused kernel image memory: 1884K
[    0.710213] x86/mm: Checked W+X mappings: passed, no W+X pages found.
[    0.711077] x86/mm: Checking user space page tables
[    0.715981] x86/mm: Checked W+X mappings: passed, no W+X pages found.
Loading, please wait...
starting version 237
[    0.753121] e1000: Intel(R) PRO/1000 Network Driver - version 7.3.21-k8-NAPI
[    0.754127] e1000: Copyright (c) 1999-2006 Intel Corporation.
[    0.757229] Fusion MPT base driver 3.04.20
[    0.757806] Copyright (c) 1999-2008 LSI Corporation
[    0.762349] Fusion MPT SPI Host driver 3.04.20
[    0.777081] AVX2 version of gcm_enc/dec engaged.
[    0.777721] AES CTR mode by8 optimization enabled
[    0.974885] input: ImExPS/2 Generic Explorer Mouse as /devices/platform/i8042/serio1/input/input4
[    1.107000] e1000 0000:00:03.0 eth0: (PCI:33MHz:32-bit) 02:22:e7:1f:39:14
[    1.107854] e1000 0000:00:03.0 eth0: Intel(R) PRO/1000 Network Connection
[    1.109441] e1000 0000:00:03.0 enp0s3: renamed from eth0
[    1.110250] mptbase: ioc0: Initiating bringup
[    1.208849] ioc0: LSI53C1030 A0: Capabilities={Initiator}
[    1.450652] scsi host2: ioc0: LSI53C1030 A0, FwRev=00000000h, Ports=1, MaxQ=256, IRQ=20
[    1.628800] scsi 2:0:0:0: Direct-Access     VBOX     HARDDISK         1.0  PQ: 0 ANSI: 5
[    2.329468] scsi target2:0:0: Beginning Domain Validation
[    2.332050] scsi target2:0:0: Domain Validation skipping write tests
[    2.332800] scsi target2:0:0: Ending Domain Validation
[    2.333831] scsi target2:0:0: asynchronous
[    2.335116] scsi 2:0:1:0: Direct-Access     VBOX     HARDDISK         1.0  PQ: 0 ANSI: 5
[    2.495542] scsi target2:0:1: Beginning Domain Validation
[    2.497960] random: fast init done
[    2.498472] scsi target2:0:1: Domain Validation skipping write tests
[    2.499323] scsi target2:0:1: Ending Domain Validation
[    2.500176] scsi target2:0:1: asynchronous
[    2.503913] random: systemd-udevd: uninitialized urandom read (16 bytes read)
[    2.503922] sd 2:0:0:0: Attached scsi generic sg0 type 0
[    2.504902] random: systemd-udevd: uninitialized urandom read (16 bytes read)
[    2.506573] random: systemd-udevd: uninitialized urandom read (16 bytes read)
[    2.507677] sd 2:0:1:0: Attached scsi generic sg1 type 0
[    2.507681] sd 2:0:0:0: [sda] 20971520 512-byte logical blocks: (10.7 GB/10.0 GiB)
[    2.509647] sd 2:0:0:0: [sda] Write Protect is off
[    2.510460] sd 2:0:1:0: [sdb] 20480 512-byte logical blocks: (10.5 MB/10.0 MiB)
[    2.511544] sd 2:0:0:0: [sda] Incomplete mode parameter data
[    2.512103] sd 2:0:1:0: [sdb] Write Protect is off
[    2.512310] sd 2:0:0:0: [sda] Assuming drive cache: write through
[    2.514010] sd 2:0:1:0: [sdb] Incomplete mode parameter data
[    2.514774] sd 2:0:1:0: [sdb] Assuming drive cache: write through
[    2.527381]  sda: sda1
[    2.529413] sd 2:0:0:0: [sda] Attached SCSI disk
[    2.529732] sd 2:0:1:0: [sdb] Attached SCSI disk
Begin: Loading essential drivers ... [    3.880872] raid6: sse2x1   gen() 14047 MB/s
[    3.928714] raid6: sse2x1   xor() 10020 MB/s
[    3.976518] raid6: sse2x2   gen() 16898 MB/s
[    4.024342] raid6: sse2x2   xor() 11343 MB/s
[    4.072189] raid6: sse2x4   gen() 19583 MB/s
[    4.120927] raid6: sse2x4   xor() 11059 MB/s
[    4.168774] raid6: avx2x1   gen() 26556 MB/s
[    4.216596] raid6: avx2x1   xor() 18938 MB/s
[    4.264418] raid6: avx2x2   gen() 33086 MB/s
[    4.312245] raid6: avx2x2   xor() 21127 MB/s
[    4.360072] raid6: avx2x4   gen() 38575 MB/s
[    4.408866] raid6: avx2x4   xor() 23968 MB/s
[    4.409449] raid6: using algorithm avx2x4 gen() 38575 MB/s
[    4.410226] raid6: .... xor() 23968 MB/s, rmw enabled
[    4.410882] raid6: using avx2x2 recovery algorithm
[    4.412616] xor: automatically using best checksumming function   avx       
[    4.414353] async_tx: api initialized (async)
done.
Begin: Running /scripts/init-premount ... done.
Begin: Mounting root file system ... Begin: Running /scripts/local-top ... done.
Begin: Running /scripts/local-premount ... [    4.444361] Btrfs loaded, crc32c=crc32c-intel
Scanning for Btrfs filesystems
done.
Warning: fsck not present, so skipping root file system
[    4.464653] EXT4-fs (sda1): mounted filesystem with ordered data mode. Opts: (null)
done.
Begin: Running /scripts/local-bottom ... done.
Begin: Running /scripts/init-bottom ... done.
[    4.588977] ip_tables: (C) 2000-2006 Netfilter Core Team
[    4.595727] systemd[1]: systemd 237 running in system mode. (+PAM +AUDIT +SELINUX +IMA +APPARMOR +SMACK +SYSVINIT +UTMP +LIBCRYPTSETUP +GCRYPT +GNUTLS +ACL +XZ +LZ4 +SECCOMP +BLKID +ELFUTILS +KMOD -IDN2 +IDN -PCRE2 default-hierarchy=hybrid)
[    4.598452] systemd[1]: Detected virtualization oracle.
[    4.599169] systemd[1]: Detected architecture x86-64.

Welcome to [1mUbuntu 18.04.3 LTS[0m!

[    4.603709] systemd[1]: Set hostname to <ubuntu>.
[    4.607927] systemd[1]: Initializing machine ID from random generator.
[    4.608881] systemd[1]: Installed transient /etc/machine-id file.
[    4.814987] systemd[1]: Reached target Swap.
[[0;32m  OK  [0m] Reached target Swap.
[    4.816127] systemd[1]: Set up automount Arbitrary Executable File Formats File System Automount Point.
[[0;32m  OK  [0m] Set up automount Arbitrary Executab…rmats File System Automount Point.
[    4.829786] systemd[1]: Created slice System Slice.
[[0;32m  OK  [0m] Created slice System Slice.
[    4.830920] systemd[1]: Listening on Journal Socket.
[[0;32m  OK  [0m] Listening on Journal Socket.
[[0;32m  OK  [0m] Listening on Network Service Netlink Socket.
[[0;32m  OK  [0m] Listening on udev Control Socket.
         Starting Set the console keyboard layout...
[[0;32m  OK  [0m] Listening on Syslog Socket.
         Starting Load Kernel Modules...
[[0;32m  OK  [0m] Listening on Device-mapper event daemon FIFOs.
[    4.889200] Loading iSCSI transport class v2.0-870.
[[0;32m  OK  [0m] Listening on Journal Socket (/dev/log).
[[0;32m  OK  [0m] Listening on udev Kernel Socket.
[    4.894876] iscsi: registered transport (tcp)
[[0;32m  OK  [0m] Created slice system-serial\x2dgetty.slice.
[    4.909574] iscsi: registered transport (iser)
[[0;32m  OK  [0m] Listening on LVM2 metadata daemon socket.
[[0;32m  OK  [0m] Reached target System Time Synchronized.
         Starting Uncomplicated firewall...
         Starting Monitoring of LVM2 mirrors…ng dmeventd or progress polling...
[[0;32m  OK  [0m] Reached target User and Group Name Lookups.
         Starting Remount Root and Kernel File Systems...
         Mounting Kernel Debug File System...
[[0;32m  OK  [0m] Listening on /dev/initctl Compatibility Named Pipe.
[    4.998426] EXT4-fs (sda1): re-mounted. Opts: (null)
         Starting udev Coldplug all Devices...
[[0;32m  OK  [0m] Listening on Journal Audit Socket.
         Starting Journal Service...
[[0;32m  OK  [0m] Listening on LVM2 poll daemon socket.
         Mounting Huge Pages File System...
         Starting Create list of required st…ce nodes for the current kernel...
[[0;32m  OK  [0m] Created slice User and Session Slice.
[[0;32m  OK  [0m] Reached target Slices.
[[0;32m  OK  [0m] Started Forward Password Requests to Wall Directory Watch.
         Mounting POSIX Message Queue File System...
[[0;32m  OK  [0m] Started Journal Service.
[[0;32m  OK  [0m] Started Set the console keyboard layout.
[[0;32m  OK  [0m] Started Load Kernel Modules.
[[0;32m  OK  [0m] Started Uncomplicated firewall.
[[0;32m  OK  [0m] Started Remount Root and Kernel File Systems.
[[0;32m  OK  [0m] Mounted Kernel Debug File System.
[[0;32m  OK  [0m] Mounted Huge Pages File System.
[[0;32m  OK  [0m] Started Create list of required sta…vice nodes for the current kernel.
[[0;32m  OK  [0m] Mounted POSIX Message Queue File System.
[[0;32m  OK  [0m] Started LVM2 metadata daemon.
         Starting Create Static Device Nodes in /dev...
         Starting Load/Save Random Seed...
         Mounting FUSE Control File System...
         Mounting Kernel Configuration File System...
         Starting Apply Kernel Variables...
         Starting Flush Journal to Persistent Storage...
[[0;32m  OK  [0m] Started Monitoring of LVM2 mirrors,…sing dmeventd or progress polling.
[[0;32m  OK  [0m] Started udev Coldplug all Devices.
[[0;32m  OK  [0m] Started Create Static Device Nodes in /dev.
[[0;32m  OK  [0m] Started Load/Save Random Seed.
[[0;32m  OK  [0m] Mounted FUSE Control File System.
[[0;32m  OK  [0m] Mounted Kernel Configuration File System.
[[0;32m  OK  [0m] Started Apply Kernel Variables.
         Starting udev Kernel Device Manager...
[[0;32m  OK  [0m] Reached target Local File Systems (Pre).
[[0;32m  OK  [0m] Reached target Local File Systems.
         Starting AppArmor initialization...
         Starting Tell Plymouth To Write Out Runtime Data...
         Starting Set console font and keymap...
         Starting Commit a transient machine-id on disk...
         Starting ebtables ruleset management...
[[0;32m  OK  [0m] Started udev Kernel Device Manager.
[[0;32m  OK  [0m] Started Tell Plymouth To Write Out Runtime Data.
[[0;32m  OK  [0m] Started Set console font and keymap.
[[0;32m  OK  [0m] Started Dispatch Password Requests to Console Directory Watch.
[[0;32m  OK  [0m] Reached target Local Encrypted Volumes.
[[0;32m  OK  [0m] Started ebtables ruleset management.
[[0;32m  OK  [0m] Started Flush Journal to Persistent Storage.
         Starting Create Volatile Files and Directories...
[[0;32m  OK  [0m] Started Commit a transient machine-id on disk.
[[0;32m  OK  [0m] Started Create Volatile Files and Directories.
         Starting Update UTMP about System Boot/Shutdown...
[[0;32m  OK  [0m] Started Update UTMP about System Boot/Shutdown.
[[0;32m  OK  [0m] Found device /dev/ttyS0.
[[0;32m  OK  [0m] Listening on Load/Save RF Kill Switch Status /dev/rfkill Watch.
[[0;32m  OK  [0m] Started AppArmor initialization.
         Starting Initial cloud-init job (pre-networking)...
[    6.930501] cloud-init[550]: Cloud-init v. 19.3-41-gc4735dd3-0ubuntu1~18.04.1 running 'init-local' at Thu, 23 Jan 2020 17:47:44 +0000. Up 6.66 seconds.
[[0;32m  OK  [0m] Started Initial cloud-init job (pre-networking).
[[0;32m  OK  [0m] Reached target Network (Pre).
         Starting Network Service...
[[0;32m  OK  [0m] Started Network Service.
         Starting Wait for Network to be Configured...
         Starting Network Name Resolution...
[[0;32m  OK  [0m] Started Network Name Resolution.
[[0;32m  OK  [0m] Reached target Host and Network Name Lookups.
[[0;32m  OK  [0m] Reached target Network.
[[0;32m  OK  [0m] Started Wait for Network to be Configured.
         Starting Initial cloud-init job (metadata service crawler)...
[    8.478188] cloud-init[676]: Cloud-init v. 19.3-41-gc4735dd3-0ubuntu1~18.04.1 running 'init' at Thu, 23 Jan 2020 17:47:46 +0000. Up 8.37 seconds.
[    8.479024] cloud-init[676]: ci-info: ++++++++++++++++++++++++++++++++++++++Net device info++++++++++++++++++++++++++++++++++++++
[    8.479806] cloud-init[676]: ci-info: +--------+------+----------------------------+---------------+--------+-------------------+
[    8.480743] cloud-init[676]: ci-info: | Device |  Up  |          Address           |      Mask     | Scope  |     Hw-Address    |
[    8.492668] cloud-init[676]: ci-info: +--------+------+----------------------------+---------------+--------+-------------------+
[    8.493403] cloud-init[676]: ci-info: | enp0s3 | True |         10.0.2.15          | 255.255.255.0 | global | 02:22:e7:1f:39:14 |
[    8.494422] cloud-init[676]: ci-info: | enp0s3 | True | fe80::22:e7ff:fe1f:3914/64 |       .       |  link  | 02:22:e7:1f:39:14 |
[    8.495457] cloud-init[676]: ci-info: |   lo   | True |         127.0.0.1          |   255.0.0.0   |  host  |         .         |
[    8.496453] cloud-init[676]: ci-info: |   lo   | True |          ::1/128           |       .       |  host  |         .         |
[    8.497460] cloud-init[676]: ci-info: +--------+------+----------------------------+---------------+--------+-------------------+
[    8.498497] cloud-init[676]: ci-info: ++++++++++++++++++++++++++++Route IPv4 info+++++++++++++++++++++++++++++
[    8.499482] cloud-init[676]: ci-info: +-------+-------------+----------+-----------------+-----------+-------+
[    8.500343] cloud-init[676]: ci-info: | Route | Destination | Gateway  |     Genmask     | Interface | Flags |
[    8.501209] cloud-init[676]: ci-info: +-------+-------------+----------+-----------------+-----------+-------+
[    8.502075] cloud-init[676]: ci-info: |   0   |   0.0.0.0   | 10.0.2.2 |     0.0.0.0     |   enp0s3  |   UG  |
[    8.502941] cloud-init[676]: ci-info: |   1   |   10.0.2.0  | 0.0.0.0  |  255.255.255.0  |   enp0s3  |   U   |
[    8.503798] cloud-init[676]: ci-info: |   2   |   10.0.2.2  | 0.0.0.0  | 255.255.255.255 |   enp0s3  |   UH  |
[    8.504676] cloud-init[676]: ci-info: +-------+-------------+----------+-----------------+-----------+-------+
[    8.505503] cloud-init[676]: ci-info: +++++++++++++++++++Route IPv6 info+++++++++++++++++++
[    8.506219] cloud-init[676]: ci-info: +-------+-------------+---------+-----------+-------+
[    8.506942] cloud-init[676]: ci-info: | Route | Destination | Gateway | Interface | Flags |
[    8.507671] cloud-init[676]: ci-info: +-------+-------------+---------+-----------+-------+
[    8.508392] cloud-init[676]: ci-info: |   1   |  fe80::/64  |    ::   |   enp0s3  |   U   |
[    8.509154] cloud-init[676]: ci-info: |   3   |    local    |    ::   |   enp0s3  |   U   |
[    8.509875] cloud-init[676]: ci-info: |   4   |   ff00::/8  |    ::   |   enp0s3  |   U   |
[    8.510591] cloud-init[676]: ci-info: +-------+-------------+---------+-----------+-------+
[    9.375031] cloud-init[676]: Generating public/private rsa key pair.
[    9.375609] cloud-init[676]: Your identification has been saved in /etc/ssh/ssh_host_rsa_key.
[    9.388915] cloud-init[676]: Your public key has been saved in /etc/ssh/ssh_host_rsa_key.pub.
[    9.400660] cloud-init[676]: The key fingerprint is:
[    9.412358] cloud-init[676]: SHA256:s8XE6+0WYyfoN+i6Ych+VioazEt/UW1VMknlLRHgwlA root@ubuntu-bionic
[[0;32m  OK  [0m] Started Initial cloud-init job (metadata service crawler).
[    9.425173] cloud-init[676]: The key's randomart image is:
[[    9.452969] [0;32m  OK  [0mcloud-init] [676]: Reached target System Initialization.
+---[RSA 2048]----+
[[    9.465211] [0;32m  OK  [0mcloud-init] [676]: Listening on UUID daemon activation socket.|        ..E .o*=o|

[[0;32m  OK  [0m] Started Daily Cleanup of Temporary Directories.
[    9.466022] cloud-init[676]: |         + .  o=.|
[[    9.466637] cloud-init[676]: |          =.... o|
[    9.466697] cloud-init[676]: |         o.oo  . |
[    9.467050] cloud-init[676]: |        S.+o     |
[    9.467359] cloud-init[676]: |   o . ..=o.= .  |
[    9.467683] cloud-init[676]: |    = o +=.o.=   |
[    9.468152] cloud-init[676]: |   . =..=.o.+    |
[    9.468449] cloud-init[676]: |    o.o=o+.o..   |
[    9.468773] cloud-init[676]: +----[SHA256]-----+
[0;32m  OK  [0m] Started Message of the Day.[    9.468969] 
cloud-init[676]: Generating public/private dsa key pair.
[[    9.470566] cloud-init[676]: Your identification has been saved in /etc/ssh/ssh_host_dsa_key.
[    9.470633] cloud-init[676]: Your public key has been saved in /etc/ssh/ssh_host_dsa_key.pub.
[    9.470968] cloud-init[676]: The key fingerprint is:
[    9.471289] cloud-init[676]: SHA256:l+Rm+E5JKBYnawEqTqhI8eNxLXAcaa3lDBz5NBPOdkc root@ubuntu-bionic
[    9.471610] cloud-init[676]: The key's randomart image is:
[    9.471943] cloud-init[676]: +---[DSA 1024]----+
[    9.472273] cloud-init[676]: | . .++*..  E     |
[    9.472394] cloud-init[676]: |. o.oO+*  .      |
[    9.472512] cloud-init[676]: |oo.+.o%=+...     |
[    9.472636] cloud-init[676]: |*.. +.oX.=..     |
[    9.472752] cloud-init[676]: |o. .  = S B      |
[    9.473097] cloud-init[676]: |     o . * .     |
[    9.473415] cloud-init[676]: |          +      |
[    9.473738] cloud-init[676]: |         o       |
[    9.474068] cloud-init[676]: |          .      |
[    9.474386] cloud-init[676]: +----[SHA256]-----+
[    9.474706] cloud-init[676]: Generating public/private ecdsa key pair.
[    9.475036] cloud-init[676]: Your identification has been saved in /etc/ssh/ssh_host_ecdsa_key.
[    9.475353] cloud-init[676]: Your public key has been saved in /etc/ssh/ssh_host_ecdsa_key.pub.
[    9.475678] cloud-init[676]: The key fingerprint is:
[0;32m  OK  [0m] Started Discard unused blocks once a week.
[    9.475790] cloud-init[676]: SHA256:8/nV+KelAsxrt02Nm9MauXqRuLeYubxa6ruw3opvkmQ root@ubuntu-bionic
[    9.475815] cloud-init[676]: The key's randomart image is:
[    9.476255] cloud-init[676]: +---[ECDSA 256]---+
[    9.476574] cloud-init[676]: |                 |
[    9.476905] cloud-init[676]: |                 |
[    9.477222] cloud-init[676]: |                 |
[    9.477545] cloud-init[676]: |                 |
[    9.477881] cloud-init[676]: |        So   . . |
[    9.478229] cloud-init[676]: |      E  o+.. o* |
[    9.478519] cloud-init[676]: |     o .. oo..Bo+|
[    9.478853] cloud-init[676]: |      o..+o=+B+Oo|
[    9.479169] cloud-init[676]: |      .==+B=@OX=o|
[    9.479489] cloud-init[676]: +----[SHA256]-----+
[[0;32m  OK  [0m[    9.479708] cloud-init[676]: Generating public/private ed25519 key pair.
[    9.485611] cloud-init[676]: Your identification has been saved in /etc/ssh/ssh_host_ed25519_key.
[    9.485936] cloud-init[676]: Your public key has been saved in /etc/ssh/ssh_host_ed25519_key.pub.
[    9.486256] cloud-init[676]: The key fingerprint is:
[    9.486592] cloud-init[676]: SHA256:LPhbw3yVE4mfYpN0/UNluF2bGNlriQAtE8ks2M8nJD4 root@ubuntu-bionic
[    9.486913] cloud-init[676]: The key's randomart image is:
[    9.487234] cloud-init[676]: +--[ED25519 256]--+
] Listening on ACPID Listen Socket.
[[0;32m  OK  [0m[    9.487512] cloud-init[676]: |      o oo=   o.o|
[    9.490015] cloud-init[676]: |     . + B + =.oo|
[    9.490339] cloud-init[676]: |      . * = = =+*|
[    9.490676] cloud-init[676]: |     . E = = *oB.|
[    9.490999] cloud-init[676]: |    . . S B * ...|
[    9.491322] cloud-init[676]: |     . + . + .  .|] 
Listening on D-Bus System Message Bus Socket.
[    9.491409] cloud-init[676]: |      . = .      |
[    9.493085] cloud-init[676]: |       o o       |
[    9.493598] cloud-init[676]: |      .          |
[    9.494102] cloud-init[676]: +----[SHA256]-----+
         Starting LXD - unix socket.
[[0;32m  OK  [0m] Listening on Open-iSCSI iscsid Socket.
[[0;32m  OK  [0m] Started Daily apt download activities.
[[0;32m  OK  [0m] Started ACPI Events Check.
[[0;32m  OK  [0m] Reached target Paths.
[[0;32m  OK  [0m] Started Daily apt upgrade and clean activities.
[[0;32m  OK  [0m] Reached target Timers.
         Starting Socket activation for snappy daemon.
[[0;32m  OK  [0m] Reached target Network is Online.
         Starting Availability of block devices...
[[0;32m  OK  [0m] Reached target Remote File Systems (Pre).
[[0;32m  OK  [0m] Reached target Remote File Systems.
[[0;32m  OK  [0m] Reached target Cloud-config availability.
[[0;32m  OK  [0m] Listening on LXD - unix socket.
[[0;32m  OK  [0m] Listening on Socket activation for snappy daemon.
[[0;32m  OK  [0m] Started Availability of block devices.
[[0;32m  OK  [0m] Reached target Sockets.
[[0;32m  OK  [0m] Reached target Basic System.
[[0;32m  OK  [0m] Started irqbalance daemon.
         Starting LSB: Record successful boot for GRUB...
         Starting Permit User Sessions...
         Starting Accounts Service...
         Starting Pollinate to seed the pseudo random number generator...
[[0;32m  OK  [0m] Started Deferred execution scheduler.
[[0;32m  OK  [0m] Started FUSE filesystem for LXC.
[[0;32m  OK  [0m] Started Regular background program processing daemon.
         Starting LSB: automatic crash report generation...
[[0;32m  OK  [0m] Started D-Bus System Message Bus.
         Starting Dispatcher daemon for systemd-networkd...
         Starting Virtualbox guest utils...
         Starting Login Service...
         Starting Snappy daemon...
         Starting System Logging Service...
         Starting LXD - container startup/shutdown...
[[0;32m  OK  [0m] Started Permit User Sessions.
[[0;32m  OK  [0m] Started System Logging Service.
[[0;32m  OK  [0m] Started Login Service.
[[0;32m  OK  [0m] Started Unattended Upgrades Shutdown.
         Starting Authorization Manager...
         Starting Terminate Plymouth Boot Screen...
         Starting Hold until boot process finishes up...
[[0;32m  OK  [0m] Started Hold until boot process finishes up.
[[0;32m  OK  [0m] Started Terminate Plymouth Boot Screen.
[[0;32m  OK  [0m] Started Serial Getty on ttyS0.
         Starting Set console scheme...
[[0;32m  OK  [0m] Started LSB: automatic crash report generation.
[[0;32m  OK  [0m] Started Authorization Manager.
[[0;32m  OK  [0m] Started Accounts Service.
[[0;32m  OK  [0m] Started Set console scheme.
[[0;32m  OK  [0m] Created slice system-getty.slice.
[[0;32m  OK  [0m] Started Getty on tty1.
[[0;32m  OK  [0m] Reached target Login Prompts.
[[0;32m  OK  [0m] Started Virtualbox guest utils.
[[0;32m  OK  [0m] Started LXD - container startup/shutdown.
[[0;32m  OK  [0m] Started LSB: Record successful boot for GRUB.
[[0;32m  OK  [0m] Started Dispatcher daemon for systemd-networkd.
[[0;32m  OK  [0m] Started Snappy daemon.
         Starting Wait until snapd is fully seeded...
[[0;32m  OK  [0m] Started Pollinate to seed the pseudo random number generator.
         Starting OpenBSD Secure Shell server...
[[0;32m  OK  [0m] Started OpenBSD Secure Shell server.
[[0;32m  OK  [0m] Created slice User Slice of vagrant.
         Starting User Manager for UID 1000...
[[0;32m  OK  [0m] Started Session 1 of user vagrant.
[[0;32m  OK  [0m] Started User Manager for UID 1000.
[[0;32m  OK  [0m] Started Wait until snapd is fully seeded.
         Starting Apply the settings specified in cloud-config...
[[0;32m  OK  [0m] Reached target Multi-User System.
[[0;32m  OK  [0m] Reached target Graphical Interface.
         Starting Update UTMP about System Runlevel Changes...
[[0;32m  OK  [0m] Started Update UTMP about System Runlevel Changes.
[   13.701644] cloud-init[1404]: Cloud-init v. 19.3-41-gc4735dd3-0ubuntu1~18.04.1 running 'modules:config' at Thu, 23 Jan 2020 17:47:51 +0000. Up 13.39 seconds.
[[0;32m  OK  [0m] Started Apply the settings specified in cloud-config.
         Starting Execute cloud user/final scripts...
ci-info: no authorized ssh keys fingerprints found for user ubuntu.
<14>Jan 23 17:47:52 ec2: 
<14>Jan 23 17:47:52 ec2: #############################################################
<14>Jan 23 17:47:52 ec2: -----BEGIN SSH HOST KEY FINGERPRINTS-----
<14>Jan 23 17:47:52 ec2: 1024 SHA256:l+Rm+E5JKBYnawEqTqhI8eNxLXAcaa3lDBz5NBPOdkc root@ubuntu-bionic (DSA)
<14>Jan 23 17:47:52 ec2: 256 SHA256:8/nV+KelAsxrt02Nm9MauXqRuLeYubxa6ruw3opvkmQ root@ubuntu-bionic (ECDSA)
<14>Jan 23 17:47:52 ec2: 256 SHA256:LPhbw3yVE4mfYpN0/UNluF2bGNlriQAtE8ks2M8nJD4 root@ubuntu-bionic (ED25519)
<14>Jan 23 17:47:52 ec2: 2048 SHA256:s8XE6+0WYyfoN+i6Ych+VioazEt/UW1VMknlLRHgwlA root@ubuntu-bionic (RSA)
<14>Jan 23 17:47:52 ec2: -----END SSH HOST KEY FINGERPRINTS-----
<14>Jan 23 17:47:52 ec2: #############################################################
-----BEGIN SSH HOST KEY KEYS-----
ecdsa-sha2-nistp256 AAAAE2VjZHNhLXNoYTItbmlzdHAyNTYAAAAIbmlzdHAyNTYAAABBBLHjmxoLYsnXoU5y6U6PxqmKo/0rkFKqtPGh1PSwf/9QvoePKr+qc5vcARQWc1SWM/PwLEcVBa4km/4NMLhLl2M= root@ubuntu-bionic
ssh-ed25519 AAAAC3NzaC1lZDI1NTE5AAAAIHilrUlmiPNZEaXBXi9vO7jNmVlhmckT+rFWlOl3vE0N root@ubuntu-bionic
ssh-rsa AAAAB3NzaC1yc2EAAAADAQABAAABAQDERPA5VZ+H0ZP2PAnw3cpnoTuh9WgdsUl/VgnyjZySj5FGSo1EydvpXHRUX0XJoYRjgT4ubCmIUn1d+ozxQk7oNU7v/Y1BmKB0boYJda/LTVKFOlUusuBXTjGgqd9WE6r0K94+RbFaUf8IyzSyePAJ3c8xIlNqnnZVCF7nDat5VOy5xw79ilj5/CdKuMeimhEU1tU2M+hM7nTCYMqqcc5sPHrB/sV2wg6nZPJP/l8cGlkU8K/Lhgaw5Bpk9qJsq6Il3vPHI8Qi/wmWmbKSE2ekTF9kh+oeGS37iSOymY+f4LTsEh9usXWf4Fo42bpXac+ur8DKaU0SVS/f4x/gQOVn root@ubuntu-bionic
-----END SSH HOST KEY KEYS-----
[   14.264738] cloud-init[1523]: Cloud-init v. 19.3-41-gc4735dd3-0ubuntu1~18.04.1 running 'modules:final' at Thu, 23 Jan 2020 17:47:51 +0000. Up 13.99 seconds.
[   14.280535] cloud-init[1523]: ci-info: no authorized ssh keys fingerprints found for user ubuntu.
[   14.296141] cloud-init[1523]: Cloud-init v. 19.3-41-gc4735dd3-0ubuntu1~18.04.1 finished at Thu, 23 Jan 2020 17:47:52 +0000. Datasource DataSourceNoCloud [seed=/dev/sdb][dsmode=net].  Up 14.25 seconds
[[0;32m  OK  [0m] Started Execute cloud user/final scripts.
[[0;32m  OK  [0m] Reached target Cloud-init target.

Ubuntu 18.04.3 LTS ubuntu-bionic ttyS0

ubuntu-bionic login: 